[INFO  - 2018-07-20T22:58:07.278Z] GhostDriver - Main - running on port 49810
[INFO  - 2018-07-20T22:58:07.425Z] Session [5de33fc0-8c70-11e8-85fc-adacbd8889e0] - page.settings - {"XSSAuditingEnabled":false,"javascriptCanCloseWindows":true,"javascriptCanOpenWindows":true,"javascriptEnabled":true,"loadImages":true,"localToRemoteUrlAccessEnabled":false,"userAgent":"Mozilla/5.0 (Macintosh; Intel Mac OS X) AppleWebKit/538.1 (KHTML, like Gecko) PhantomJS/2.1.1 Safari/538.1","webSecurityEnabled":true}
[INFO  - 2018-07-20T22:58:07.425Z] Session [5de33fc0-8c70-11e8-85fc-adacbd8889e0] - page.customHeaders:  - {}
[INFO  - 2018-07-20T22:58:07.425Z] Session [5de33fc0-8c70-11e8-85fc-adacbd8889e0] - Session.negotiatedCapabilities - {"browserName":"phantomjs","version":"2.1.1","driverName":"ghostdriver","driverVersion":"1.2.0","platform":"mac-unknown-64bit","javascriptEnabled":true,"takesScreenshot":true,"handlesAlerts":false,"databaseEnabled":false,"locationContextEnabled":false,"applicationCacheEnabled":false,"browserConnectionEnabled":false,"cssSelectorsEnabled":true,"webStorageEnabled":false,"rotatable":false,"acceptSslCerts":false,"nativeEvents":true,"proxy":{"proxyType":"direct"}}
[INFO  - 2018-07-20T22:58:07.425Z] SessionManagerReqHand - _postNewSessionCommand - New Session Created: 5de33fc0-8c70-11e8-85fc-adacbd8889e0
[ERROR - 2018-07-20T22:58:11.998Z] Session [5de33fc0-8c70-11e8-85fc-adacbd8889e0] - page.onError - msg: [OneID] [%s]:  ERROR Already initialized

  phantomjs://platform/console++.js:263 in error
[ERROR - 2018-07-20T22:58:11.998Z] Session [5de33fc0-8c70-11e8-85fc-adacbd8889e0] - page.onError - stack:
  error (:0)

  phantomjs://platform/console++.js:263 in error
[ERROR - 2018-07-20T22:58:12.430Z] Session [5de33fc0-8c70-11e8-85fc-adacbd8889e0] - page.onError - msg: [OneID] [%s]:  ERROR Session not established

  phantomjs://platform/console++.js:263 in error
[ERROR - 2018-07-20T22:58:12.430Z] Session [5de33fc0-8c70-11e8-85fc-adacbd8889e0] - page.onError - stack:
  error (:0)

  phantomjs://platform/console++.js:263 in error
[ERROR - 2018-07-20T22:58:12.550Z] Session [5de33fc0-8c70-11e8-85fc-adacbd8889e0] - page.onError - msg: [OneID] [%s]:  ERROR Session not established

  phantomjs://platform/console++.js:263 in error
[ERROR - 2018-07-20T22:58:12.550Z] Session [5de33fc0-8c70-11e8-85fc-adacbd8889e0] - page.onError - stack:
  error (:0)

  phantomjs://platform/console++.js:263 in error
